# JRE version: OpenJDK Runtime Environment Microsoft-8035246 (17.0.8+7) (build 17.0.8+7-LTS)
# Java VM: OpenJDK 64-Bit Server VM Microsoft-8035246 (17.0.8+7-LTS, mixed mode, sharing, tiered, compressed oops, compressed class ptrs, g1 gc, windows-amd64)
GC Precious Log:
 CPUs: 8 total, 8 available
 Memory: 8036M
 Large Page Support: Disabled
 NUMA Support: Disabled
 Compressed Oops: Enabled (32-bit)
 Heap Region Size: 1M
 Heap Min Capacity: 8M
 Heap Initial Capacity: 126M
 Heap Max Capacity: 2G
 Pre-touch: Disabled
 Parallel Workers: 8
 Concurrent Workers: 2
 Concurrent Refinement Workers: 8
 Periodic GC: Disabled
Heap:
 garbage-first heap   total 238592K, used 178377K [0x0000000080000000, 0x0000000100000000)
  region size 1024K, 10 young (10240K), 4 survivors (4096K)
 Metaspace       used 97222K, committed 98432K, reserved 557056K
  class space    used 13712K, committed 14272K, reserved 425984K
GC Heap History (20 events):
Event: 17.959 GC heap before
{Heap before GC invocations=34 (full 0):
 garbage-first heap   total 147456K, used 116988K [0x0000000080000000, 0x0000000100000000)
  region size 1024K, 28 young (28672K), 1 survivors (1024K)
 Metaspace       used 71691K, committed 72448K, reserved 491520K
  class space    used 10140K, committed 10496K, reserved 425984K
}
Event: 17.961 GC heap after
{Heap after GC invocations=35 (full 0):
 garbage-first heap   total 238592K, used 90775K [0x0000000080000000, 0x0000000100000000)
  region size 1024K, 1 young (1024K), 1 survivors (1024K)
 Metaspace       used 71691K, committed 72448K, reserved 491520K
  class space    used 10140K, committed 10496K, reserved 425984K
}
Event: 19.011 GC heap before
{Heap before GC invocations=35 (full 0):
 garbage-first heap   total 238592K, used 199319K [0x0000000080000000, 0x0000000100000000)
  region size 1024K, 101 young (103424K), 1 survivors (1024K)
 Metaspace       used 79024K, committed 79808K, reserved 557056K
  class space    used 11101K, committed 11456K, reserved 425984K
}
Event: 19.016 GC heap after
{Heap after GC invocations=36 (full 0):
 garbage-first heap   total 238592K, used 97685K [0x0000000080000000, 0x0000000100000000)
  region size 1024K, 8 young (8192K), 8 survivors (8192K)
 Metaspace       used 79024K, committed 79808K, reserved 557056K
  class space    used 11101K, committed 11456K, reserved 425984K
}
Event: 25.629 GC heap before
{Heap before GC invocations=36 (full 0):
 garbage-first heap   total 238592K, used 185749K [0x0000000080000000, 0x0000000100000000)
  region size 1024K, 94 young (96256K), 8 survivors (8192K)
 Metaspace       used 82546K, committed 83328K, reserved 557056K
  class space    used 11581K, committed 11968K, reserved 425984K
}
Event: 25.637 GC heap after
{Heap after GC invocations=37 (full 0):
 garbage-first heap   total 238592K, used 103786K [0x0000000080000000, 0x0000000100000000)
  region size 1024K, 6 young (6144K), 6 survivors (6144K)
 Metaspace       used 82546K, committed 83328K, reserved 557056K
  class space    used 11581K, committed 11968K, reserved 425984K
}
Event: 26.612 GC heap before
{Heap before GC invocations=37 (full 0):
 garbage-first heap   total 238592K, used 189802K [0x0000000080000000, 0x0000000100000000)
  region size 1024K, 89 young (91136K), 6 survivors (6144K)
 Metaspace       used 88082K, committed 88896K, reserved 557056K
  class space    used 12529K, committed 12928K, reserved 425984K
}
Event: 26.617 GC heap after
{Heap after GC invocations=38 (full 0):
 garbage-first heap   total 238592K, used 106525K [0x0000000080000000, 0x0000000100000000)
  region size 1024K, 9 young (9216K), 9 survivors (9216K)
 Metaspace       used 88082K, committed 88896K, reserved 557056K
  class space    used 12529K, committed 12928K, reserved 425984K
}
Event: 27.372 GC heap before
{Heap before GC invocations=38 (full 0):
 garbage-first heap   total 238592K, used 193565K [0x0000000080000000, 0x0000000100000000)
  region size 1024K, 94 young (96256K), 9 survivors (9216K)
 Metaspace       used 92026K, committed 92928K, reserved 557056K
  class space    used 13061K, committed 13504K, reserved 425984K
}
Event: 27.382 GC heap after
{Heap after GC invocations=39 (full 0):
 garbage-first heap   total 238592K, used 114423K [0x0000000080000000, 0x0000000100000000)
  region size 1024K, 11 young (11264K), 11 survivors (11264K)
 Metaspace       used 92026K, committed 92928K, reserved 557056K
  class space    used 13061K, committed 13504K, reserved 425984K
}
Event: 28.637 GC heap before
{Heap before GC invocations=39 (full 0):
 garbage-first heap   total 238592K, used 197367K [0x0000000080000000, 0x0000000100000000)
  region size 1024K, 90 young (92160K), 11 survivors (11264K)
 Metaspace       used 95203K, committed 96256K, reserved 557056K
  class space    used 13465K, committed 13952K, reserved 425984K
}
Event: 28.649 GC heap after
{Heap after GC invocations=40 (full 0):
 garbage-first heap   total 238592K, used 130723K [0x0000000080000000, 0x0000000100000000)
  region size 1024K, 12 young (12288K), 12 survivors (12288K)
 Metaspace       used 95203K, committed 96256K, reserved 557056K
  class space    used 13465K, committed 13952K, reserved 425984K
}
Event: 29.270 GC heap before
{Heap before GC invocations=40 (full 0):
 garbage-first heap   total 238592K, used 194211K [0x0000000080000000, 0x0000000100000000)
  region size 1024K, 71 young (72704K), 12 survivors (12288K)
 Metaspace       used 95791K, committed 96832K, reserved 557056K
  class space    used 13523K, committed 14016K, reserved 425984K
}
Event: 29.279 GC heap after
{Heap after GC invocations=41 (full 0):
 garbage-first heap   total 238592K, used 147456K [0x0000000080000000, 0x0000000100000000)
  region size 1024K, 9 young (9216K), 9 survivors (9216K)
 Metaspace       used 95791K, committed 96832K, reserved 557056K
  class space    used 13523K, committed 14016K, reserved 425984K
}
Event: 29.863 GC heap before
{Heap before GC invocations=41 (full 0):
 garbage-first heap   total 238592K, used 191488K [0x0000000080000000, 0x0000000100000000)
  region size 1024K, 52 young (53248K), 9 survivors (9216K)
 Metaspace       used 96474K, committed 97600K, reserved 557056K
  class space    used 13601K, committed 14144K, reserved 425984K
}
Event: 29.874 GC heap after
{Heap after GC invocations=42 (full 0):
 garbage-first heap   total 238592K, used 158720K [0x0000000080000000, 0x0000000100000000)
  region size 1024K, 7 young (7168K), 7 survivors (7168K)
 Metaspace       used 96474K, committed 97600K, reserved 557056K
  class space    used 13601K, committed 14144K, reserved 425984K
}
Event: 30.269 GC heap before
{Heap before GC invocations=42 (full 0):
 garbage-first heap   total 238592K, used 192512K [0x0000000080000000, 0x0000000100000000)
  region size 1024K, 40 young (40960K), 7 survivors (7168K)
 Metaspace       used 96789K, committed 97920K, reserved 557056K
  class space    used 13633K, committed 14144K, reserved 425984K
}
Event: 30.278 GC heap after
{Heap after GC invocations=43 (full 0):
 garbage-first heap   total 238592K, used 167936K [0x0000000080000000, 0x0000000100000000)
  region size 1024K, 5 young (5120K), 5 survivors (5120K)
 Metaspace       used 96789K, committed 97920K, reserved 557056K
  class space    used 13633K, committed 14144K, reserved 425984K
}
Event: 30.471 GC heap before
{Heap before GC invocations=43 (full 0):
 garbage-first heap   total 238592K, used 193536K [0x0000000080000000, 0x0000000100000000)
  region size 1024K, 31 young (31744K), 5 survivors (5120K)
 Metaspace       used 96855K, committed 98112K, reserved 557056K
  class space    used 13638K, committed 14208K, reserved 425984K
}
Event: 30.478 GC heap after
{Heap after GC invocations=44 (full 0):
 garbage-first heap   total 238592K, used 172233K [0x0000000080000000, 0x0000000100000000)
  region size 1024K, 4 young (4096K), 4 survivors (4096K)
 Metaspace       used 96855K, committed 98112K, reserved 557056K
  class space    used 13638K, committed 14208K, reserved 425984K
}

